mode: set
github.com/GitCMDR/go-bookings/cmd/web/main.go:21.13,24.16 2 0
github.com/GitCMDR/go-bookings/cmd/web/main.go:28.2,37.16 4 0
github.com/GitCMDR/go-bookings/cmd/web/main.go:24.16,26.3 1 0
github.com/GitCMDR/go-bookings/cmd/web/main.go:42.18,59.16 10 1
github.com/GitCMDR/go-bookings/cmd/web/main.go:64.2,72.12 6 1
github.com/GitCMDR/go-bookings/cmd/web/main.go:59.16,62.3 2 0
github.com/GitCMDR/go-bookings/cmd/web/middleware.go:9.45,20.2 3 1
github.com/GitCMDR/go-bookings/cmd/web/middleware.go:23.50,25.2 1 1
github.com/GitCMDR/go-bookings/cmd/web/routes.go:11.49,36.2 19 1
