mode: set
github.com/GitCMDR/go-bookings/internal/render/render.go:22.40,24.2 1 1
github.com/GitCMDR/go-bookings/internal/render/render.go:26.84,32.2 5 1
github.com/GitCMDR/go-bookings/internal/render/render.go:35.105,39.18 2 1
github.com/GitCMDR/go-bookings/internal/render/render.go:46.2,47.9 2 1
github.com/GitCMDR/go-bookings/internal/render/render.go:52.2,58.16 5 1
github.com/GitCMDR/go-bookings/internal/render/render.go:62.2,62.16 1 1
github.com/GitCMDR/go-bookings/internal/render/render.go:66.2,66.12 1 1
github.com/GitCMDR/go-bookings/internal/render/render.go:39.18,42.3 1 1
github.com/GitCMDR/go-bookings/internal/render/render.go:42.8,44.3 1 1
github.com/GitCMDR/go-bookings/internal/render/render.go:47.9,50.3 1 1
github.com/GitCMDR/go-bookings/internal/render/render.go:58.16,60.3 1 0
github.com/GitCMDR/go-bookings/internal/render/render.go:62.16,65.3 2 0
github.com/GitCMDR/go-bookings/internal/render/render.go:70.67,75.16 3 1
github.com/GitCMDR/go-bookings/internal/render/render.go:79.2,79.29 1 1
github.com/GitCMDR/go-bookings/internal/render/render.go:98.2,98.27 1 1
github.com/GitCMDR/go-bookings/internal/render/render.go:75.16,77.3 1 0
github.com/GitCMDR/go-bookings/internal/render/render.go:79.29,84.17 4 1
github.com/GitCMDR/go-bookings/internal/render/render.go:88.3,88.23 1 1
github.com/GitCMDR/go-bookings/internal/render/render.go:95.3,95.27 1 1
github.com/GitCMDR/go-bookings/internal/render/render.go:84.17,86.4 1 0
github.com/GitCMDR/go-bookings/internal/render/render.go:88.23,90.18 2 1
github.com/GitCMDR/go-bookings/internal/render/render.go:90.18,92.5 1 0
