mode: set
github.com/GitCMDR/go-bookings/internal/forms/errors.go:6.44,9.2 1 1
github.com/GitCMDR/go-bookings/internal/forms/errors.go:12.42,14.18 2 1
github.com/GitCMDR/go-bookings/internal/forms/errors.go:14.18,16.3 1 1
github.com/GitCMDR/go-bookings/internal/forms/errors.go:16.8,18.3 1 1
github.com/GitCMDR/go-bookings/internal/forms/forms.go:18.33,23.2 1 1
github.com/GitCMDR/go-bookings/internal/forms/forms.go:26.43,27.31 1 1
github.com/GitCMDR/go-bookings/internal/forms/forms.go:27.31,29.37 2 1
github.com/GitCMDR/go-bookings/internal/forms/forms.go:29.37,31.4 1 1
github.com/GitCMDR/go-bookings/internal/forms/forms.go:36.56,38.13 2 1
github.com/GitCMDR/go-bookings/internal/forms/forms.go:38.13,40.3 1 1
github.com/GitCMDR/go-bookings/internal/forms/forms.go:40.8,42.3 1 1
github.com/GitCMDR/go-bookings/internal/forms/forms.go:46.29,48.2 1 1
github.com/GitCMDR/go-bookings/internal/forms/forms.go:51.74,53.21 2 1
github.com/GitCMDR/go-bookings/internal/forms/forms.go:57.2,57.13 1 1
github.com/GitCMDR/go-bookings/internal/forms/forms.go:53.21,56.3 2 1
github.com/GitCMDR/go-bookings/internal/forms/forms.go:61.38,62.40 1 1
github.com/GitCMDR/go-bookings/internal/forms/forms.go:62.40,64.3 1 1
